# JRE version: Java(TM) SE Runtime Environment (11.0.5+10) (build 11.0.5+10-LTS)
# Java VM: Java HotSpot(TM) 64-Bit Server VM (11.0.5+10-LTS, mixed mode, tiered, compressed oops, g1 gc, windows-amd64)
Heap:
 garbage-first heap   total 520192K, used 320858K [0x00000000e0000000, 0x0000000100000000)
  region size 1024K, 298 young (305152K), 20 survivors (20480K)
 Metaspace       used 64002K, capacity 65664K, committed 65796K, reserved 1107968K
  class space    used 7153K, capacity 7758K, committed 7808K, reserved 1048576K
GC Heap History (10 events):
Event: 11.250 GC heap before
{Heap before GC invocations=8 (full 0):
 garbage-first heap   total 520192K, used 314094K [0x00000000e0000000, 0x0000000100000000)
  region size 1024K, 304 young (311296K), 16 survivors (16384K)
 Metaspace       used 57162K, capacity 58667K, committed 58780K, reserved 1101824K
  class space    used 6313K, capacity 6897K, committed 6912K, reserved 1048576K
}
Event: 11.269 GC heap after
{Heap after GC invocations=9 (full 0):
 garbage-first heap   total 520192K, used 26275K [0x00000000e0000000, 0x0000000100000000)
  region size 1024K, 23 young (23552K), 23 survivors (23552K)
 Metaspace       used 57162K, capacity 58667K, committed 58780K, reserved 1101824K
  class space    used 6313K, capacity 6897K, committed 6912K, reserved 1048576K
}
Event: 14.525 GC heap before
{Heap before GC invocations=9 (full 0):
 garbage-first heap   total 520192K, used 314019K [0x00000000e0000000, 0x0000000100000000)
  region size 1024K, 304 young (311296K), 23 survivors (23552K)
 Metaspace       used 58269K, capacity 59776K, committed 59932K, reserved 1101824K
  class space    used 6333K, capacity 6927K, committed 7040K, reserved 1048576K
}
Event: 14.541 GC heap after
{Heap after GC invocations=10 (full 0):
 garbage-first heap   total 520192K, used 31900K [0x00000000e0000000, 0x0000000100000000)
  region size 1024K, 24 young (24576K), 24 survivors (24576K)
 Metaspace       used 58269K, capacity 59776K, committed 59932K, reserved 1101824K
  class space    used 6333K, capacity 6927K, committed 7040K, reserved 1048576K
}
Event: 16.980 GC heap before
{Heap before GC invocations=10 (full 0):
 garbage-first heap   total 520192K, used 318620K [0x00000000e0000000, 0x0000000100000000)
  region size 1024K, 304 young (311296K), 24 survivors (24576K)
 Metaspace       used 58679K, capacity 60249K, committed 60420K, reserved 1103872K
  class space    used 6342K, capacity 6941K, committed 7040K, reserved 1048576K
}
Event: 16.995 GC heap after
{Heap after GC invocations=11 (full 0):
 garbage-first heap   total 520192K, used 37660K [0x00000000e0000000, 0x0000000100000000)
  region size 1024K, 26 young (26624K), 26 survivors (26624K)
 Metaspace       used 58679K, capacity 60249K, committed 60420K, reserved 1103872K
  class space    used 6342K, capacity 6941K, committed 7040K, reserved 1048576K
}
Event: 17.543 GC heap before
{Heap before GC invocations=11 (full 0):
 garbage-first heap   total 520192K, used 95004K [0x00000000e0000000, 0x0000000100000000)
  region size 1024K, 83 young (84992K), 26 survivors (26624K)
 Metaspace       used 58737K, capacity 60254K, committed 60420K, reserved 1103872K
  class space    used 6342K, capacity 6941K, committed 7040K, reserved 1048576K
}
Event: 17.584 GC heap after
{Heap after GC invocations=12 (full 0):
 garbage-first heap   total 520192K, used 35286K [0x00000000e0000000, 0x0000000100000000)
  region size 1024K, 18 young (18432K), 18 survivors (18432K)
 Metaspace       used 58737K, capacity 60254K, committed 60420K, reserved 1103872K
  class space    used 6342K, capacity 6941K, committed 7040K, reserved 1048576K
}
Event: 19.994 GC heap before
{Heap before GC invocations=13 (full 0):
 garbage-first heap   total 520192K, used 328150K [0x00000000e0000000, 0x0000000100000000)
  region size 1024K, 304 young (311296K), 18 survivors (18432K)
 Metaspace       used 62323K, capacity 63947K, committed 64260K, reserved 1105920K
  class space    used 6889K, capacity 7492K, committed 7552K, reserved 1048576K
}
Event: 20.003 GC heap after
{Heap after GC invocations=14 (full 0):
 garbage-first heap   total 520192K, used 37210K [0x00000000e0000000, 0x0000000100000000)
  region size 1024K, 20 young (20480K), 20 survivors (20480K)
 Metaspace       used 62323K, capacity 63947K, committed 64260K, reserved 1105920K
  class space    used 6889K, capacity 7492K, committed 7552K, reserved 1048576K
}

